-------------------------------------------------------------------------------
Test set: com.example.OpenTableTest
-------------------------------------------------------------------------------
Tests run: 1, Failures: 1, Errors: 0, Skipped: 0, Time elapsed: 1.821 s <<< FAILURE! - in com.example.OpenTableTest
Test(com.example.OpenTableTest)  Time elapsed: 1.647 s  <<< FAILURE!
java.lang.RuntimeException: java.lang.NullPointerException: Cannot invoke "org.apache.poi.ss.usermodel.Row.getCell(int)" because the return value of "org.apache.poi.ss.usermodel.Sheet.getRow(int)" is null
	at com.example.OpenTableTest.data(OpenTableTest.java:51)

