<?xml version="1.0" encoding="UTF-8"?>
<!-- Generated by org.testng.reporters.JUnitXMLReporter -->
<testsuite ignored="0" hostname="DESKTOP-HKMINK4" failures="1" tests="1" name="Surefire test" time="1.223" errors="0" timestamp="2024-05-02T15:21:54 IST">
  <testcase classname="com.example.OpenTableTest" name="Test" time="0.0">
    <failure type="java.lang.RuntimeException" message="java.lang.NullPointerException: Cannot invoke &amp;quot;org.apache.poi.ss.usermodel.Row.getCell(int)&amp;quot; because the return value of &amp;quot;org.apache.poi.ss.usermodel.Sheet.getRow(int)&amp;quot; is null">
      <![CDATA[java.lang.RuntimeException: java.lang.NullPointerException: Cannot invoke "org.apache.poi.ss.usermodel.Row.getCell(int)" because the return value of "org.apache.poi.ss.usermodel.Sheet.getRow(int)" is null
at java.base/java.util.ArrayList.forEach(ArrayList.java:1597)
Caused by: java.lang.NullPointerException: Cannot invoke "org.apache.poi.ss.usermodel.Row.getCell(int)" because the return value of "org.apache.poi.ss.usermodel.Sheet.getRow(int)" is null
at com.example.OpenTableTest.data(OpenTableTest.java:51)
... 30 more
... Removed 35 stack frames]]>
    </failure>
  </testcase> <!-- Test -->
</testsuite> <!-- Surefire test -->
